C51 COMPILER V9.60.0.0   MAIN                                                              06/02/2022 11:53:50 PAGE 1   


C51 COMPILER V9.60.0.0, COMPILATION OF MODULE MAIN
OBJECT MODULE PLACED IN .\Objects\main.obj
COMPILER INVOKED BY: F:\keil 5\MDKSET\C51\BIN\C51.EXE main.c OPTIMIZE(8,SPEED) BROWSE DEBUG OBJECTEXTEND PRINT(.\Listing
                    -s\main.lst) TABS(2) OBJECT(.\Objects\main.obj)

line level    source

*** WARNING C500 IN LINE 1 OF main.c: MISSING LICENSE ID CODE (LIC) IN 'TOOLS.INI'
   1          #include<reg52.h>
   2          #include<intrins.h>
   3          unsigned char led[8]={0xfe,0xfd,0xfb,0xf7,0xef,0xdf,0xbf,0x7f};
   4          unsigned char led_one_by_one[8]={0xfe,0xfc,0xf8,0xf0,0xe0,0xc0,0x80,0x00};
   5          unsigned char led_one_by_one_verse[8]={0x7f,0x3f,0x1f,0x0f,0x07,0x03,0x01,0x00};
   6          /*全亮*/
   7          void all(){
   8   1        P0=0X00;
   9   1        P1=0X00;
  10   1        P2=0X00;
  11   1        P3=0X00;
  12   1      }
  13          /*全灭*/
  14          void empty(){
  15   1        P0=0Xff;
  16   1        P1=0Xff;
  17   1        P2=0Xff;
  18   1        P3=0Xff;
  19   1      }
  20          
  21          /*延时100毫秒*/
  22          void Delay100ms()   //@11.0592MHz
  23          {
  24   1        unsigned char i, j, k;
  25   1      
  26   1        _nop_();
  27   1        _nop_();
  28   1        i = 5;
  29   1        j = 52;
  30   1        k = 195;
  31   1        do
  32   1        {
  33   2          do
  34   2          {
  35   3            while (--k);
  36   3          } while (--j);
  37   2        } while (--i);
  38   1      }
  39          
  40          
  41          /*延时20毫秒*/
  42          void Delay20ms()    //@11.0592MHz
  43          {
  44   1        unsigned char i, j, k;
  45   1      
  46   1        _nop_();
  47   1        _nop_();
  48   1        i = 1;
  49   1        j = 216;
  50   1        k = 35;
  51   1        do
  52   1        {
  53   2          do
C51 COMPILER V9.60.0.0   MAIN                                                              06/02/2022 11:53:50 PAGE 2   

  54   2          {
  55   3            while (--k);
  56   3          } while (--j);
  57   2        } while (--i);
  58   1      }
  59          
  60          
  61          /*全亮全灭三次闪烁*/
  62          void flash(){
  63   1        int m=0;
  64   1        for (m=0;m<3;m++){
  65   2          all();
  66   2          /*延时100ms*/
  67   2          Delay100ms(); 
  68   2          empty();
  69   2          Delay100ms(); 
  70   2        }
  71   1      }
  72          /*从左向右闪烁*/
  73          void left(){
  74   1        int m=0;
  75   1        for (m=0;m<=7;m++){
  76   2          P1=led[m];
  77   2          Delay20ms();  
  78   2        }
  79   1        P1=0xff;
  80   1        for (m=0;m<=7;m++){
  81   2          P3=led[m];
  82   2          Delay20ms();  
  83   2        }
  84   1        P3=0xff;
  85   1        for (m=0;m<=7;m++){
  86   2          P2=led[m];
  87   2          Delay20ms();  
  88   2        }
  89   1        P2=0xff;
  90   1        for (m=0;m<=7;m++){
  91   2          P0=led[7-m];
  92   2          Delay20ms();  
  93   2        }
  94   1        P0=0xff;
  95   1      }
  96          /*从右向左*/
  97          void right(){
  98   1        int m=0;
  99   1        for (m=0;m<=7;m++){
 100   2          P0=led[m];
 101   2          Delay20ms();  
 102   2        }
 103   1        P0=0xff;
 104   1        for (m=0;m<=7;m++){
 105   2          P2=led[7-m];
 106   2          Delay20ms();  
 107   2        }
 108   1        P2=0xff;
 109   1        for (m=0;m<=7;m++){
 110   2          P3=led[7-m];
 111   2          Delay20ms();  
 112   2        }
 113   1        P3=0xff;
 114   1        for (m=0;m<=7;m++){
 115   2          P1=led[7-m];
C51 COMPILER V9.60.0.0   MAIN                                                              06/02/2022 11:53:50 PAGE 3   

 116   2          Delay20ms();  
 117   2        }
 118   1        P1=0xff;
 119   1      }
 120          /*从左至右,从右至左*/
 121          void turn(){  
 122   1        left();
 123   1        right();
 124   1        empty();
 125   1      }
 126          /*依次亮,左至右*/
 127          void one_by_one_left(){
 128   1        int m=0;
 129   1        for (m=0;m<=7;m++){
 130   2          P1=led_one_by_one[m];
 131   2          Delay20ms();  
 132   2        }
 133   1        for (m=0;m<=7;m++){
 134   2          P3=led_one_by_one[m];
 135   2          Delay20ms();  
 136   2        }
 137   1        for (m=0;m<=7;m++){
 138   2          P2=led_one_by_one[m];
 139   2          Delay20ms();  
 140   2        }
 141   1        for (m=0;m<=7;m++){
 142   2          P0=led_one_by_one_verse[m];
 143   2          Delay20ms();  
 144   2        }
 145   1      }
 146          
 147          /*依次亮,右至左*/
 148          void one_by_one_right(){
 149   1        int m=0;
 150   1        for (m=0;m<=7;m++){
 151   2          P0=led_one_by_one[m];
 152   2          Delay20ms();  
 153   2        }
 154   1        for (m=0;m<=7;m++){
 155   2          P2=led_one_by_one_verse[m];
 156   2          Delay20ms();  
 157   2        }
 158   1        for (m=0;m<=7;m++){
 159   2          P3=led_one_by_one_verse[m];
 160   2          Delay20ms();  
 161   2        }
 162   1        for (m=0;m<=7;m++){
 163   2          P1=led_one_by_one_verse[m];
 164   2          Delay20ms();  
 165   2        }
 166   1      }
 167          /*依次亮*/
 168          void one_by_one(){
 169   1          one_by_one_left();
 170   1          empty();
 171   1          one_by_one_right();
 172   1          empty();
 173   1      }
 174          void main()
 175          {
 176   1        while (1){
 177   2          flash();
C51 COMPILER V9.60.0.0   MAIN                                                              06/02/2022 11:53:50 PAGE 4   

 178   2          turn();
 179   2          one_by_one(); 
 180   2        }
 181   1      }


MODULE INFORMATION:   STATIC OVERLAYABLE
   CODE SIZE        =    522    ----
   CONSTANT SIZE    =   ----    ----
   XDATA SIZE       =   ----    ----
   PDATA SIZE       =   ----    ----
   DATA SIZE        =     24    ----
   IDATA SIZE       =   ----    ----
   BIT SIZE         =   ----    ----
END OF MODULE INFORMATION.


C51 COMPILATION COMPLETE.  1 WARNING(S),  0 ERROR(S)
